Watching for file changes with StatReloader
Performing system checks...

System check identified some issues:

WARNINGS:
todos.Todo: (models.W042) Auto-created primary key used when not defining a primary key type, by default 'django.db.models.AutoField'.
	HINT: Configure the DEFAULT_AUTO_FIELD setting or the TodosConfig.default_auto_field attribute to point to a subclass of AutoField, e.g. 'django.db.models.BigAutoField'.

System check identified 1 issue (0 silenced).
August 05, 2023 - 13:23:05
Django version 4.2.4, using settings 'todoApp.settings'
Starting development server at http://0.0.0.0:8000/
Quit the server with CONTROL-C.

[05/Aug/2023 13:23:14] "GET /todos/ HTTP/1.1" 200 5309
[05/Aug/2023 13:23:14] "GET /static/css/style.css HTTP/1.1" 304 0
[05/Aug/2023 13:28:53] "GET / HTTP/1.1" 302 0
[05/Aug/2023 13:28:59] "GET / HTTP/1.1" 302 0
[05/Aug/2023 13:28:59] "GET /todos HTTP/1.1" 301 0
[05/Aug/2023 13:29:00] "GET /todos/ HTTP/1.1" 200 5309
Not Found: /favicon.ico
[05/Aug/2023 13:29:02] "GET /favicon.ico HTTP/1.1" 404 2575
Not Found: /http:/api.ipify.org/
[05/Aug/2023 13:29:06] "GET http://api.ipify.org/?format=json HTTP/1.1" 404 1818
Not Found: /www.shadowserver.org:443
[05/Aug/2023 13:29:09] "CONNECT www.shadowserver.org:443 HTTP/1.1" 404 1827
